<?xml version="1.0" encoding="UTF-8" ?>
<testsuite tests="3" failures="0" name="onework.springframework.sample.SpringFrameworkApplicationBootTest" time="0.81" errors="0" skipped="0">
  <properties>
[...]
</properties>
  <testcase classname="onework.springframework.sample.SpringFrameworkApplicationBootTest" name="test01" time="0.701"/>
  <testcase classname="onework.springframework.sample.SpringFrameworkApplicationBootTest" name="test02" time="0.057"/>
  <testcase classname="onework.springframework.sample.SpringFrameworkApplicationBootTest" name="test03" time="0.052"/>
</testsuite>